<?xml version="1.0" encoding="UTF-8"?>
<robot generator="Robot 3.1.2 (Python 3.7.6 on win32)" generated="20200114 19:49:51.777" rpa="false">
<suite id="s1" name="Robot-Test" source="C:\Users\fitim\IdeaProjects\JideaProjects\src\main\robot\robot-test.robot">
<test id="s1-t1" name="Foo Java Keyword">
<tags>
<tag>MyTag</tag>
</tags>
<status status="FAIL" starttime="20200114 19:49:51.885" endtime="20200114 19:49:51.886" critical="yes">Test case contains no keywords.</status>
</test>
<status status="FAIL" starttime="20200114 19:49:51.783" endtime="20200114 19:49:51.887"></status>
</suite>
<statistics>
<total>
<stat pass="0" fail="1">Critical Tests</stat>
<stat pass="0" fail="1">All Tests</stat>
</total>
<tag>
<stat pass="0" fail="1">MyTag</stat>
</tag>
<suite>
<stat pass="0" fail="1" id="s1" name="Robot-Test">Robot-Test</stat>
</suite>
</statistics>
<errors>
<msg timestamp="20200114 19:49:51.759" level="WARN">Error in file 'C:\Users\fitim\IdeaProjects\JideaProjects\src\main\robot\robot-test.robot': Section name 'Testcases' is deprecated. Use 'Test Cases' instead.</msg>
<msg timestamp="20200114 19:49:51.883" level="ERROR">Error in file 'C:\Users\fitim\IdeaProjects\JideaProjects\src\main\robot\robot-test.robot': Resource file '..\CommonResource.robot' does not exist.</msg>
</errors>
</robot>
